<?xml version="1.0" encoding="UTF-8"?>
<!-- Generated by org.testng.reporters.JUnitReportReporter -->
<testsuite hostname="DESKTOP-9KT55NH" failures="0" tests="1" name="eCommerce_package.Amazon" time="21.575" errors="0" timestamp="2023-07-26T03:59:57 PDT" skipped="0">
  <testcase classname="eCommerce_package.Amazon" name="ShoppingAmazon" time="21.575"/>
  <system-out/>
</testsuite> <!-- eCommerce_package.Amazon -->
