<?xml version="1.0" encoding="UTF-8"?>
<!-- Generated by org.testng.reporters.JUnitReportReporter -->
<testsuite hostname="DESKTOP-9KT55NH" failures="0" tests="1" name="eCommerce_package.Flipcart" time="36.466" errors="0" timestamp="2023-07-26T03:59:57 PDT" skipped="0">
  <testcase classname="eCommerce_package.Flipcart" name="ShoppingFlipkart" time="36.466"/>
  <system-out/>
</testsuite> <!-- eCommerce_package.Flipcart -->
